<?xml version="1.0" encoding="UTF-8"?>
<!-- Generated by org.testng.reporters.JUnitReportReporter -->
<testsuite hostname="ranvitha-PC" failures="0" tests="2" name="com.info.testcases.Postdata" time="0.003" errors="0" timestamp="2021-11-03T16:08:55 IST" skipped="0">
  <testcase classname="com.info.testcases.Postdata" name="checkstatuscode" time="0.001"/>
  <system-out/>
  <testcase classname="com.info.testcases.Postdata" name="checkreposnsebody" time="0.002"/>
  <system-out/>
</testsuite> <!-- com.info.testcases.Postdata -->
