<?xml version="1.0" encoding="UTF-8"?>
<!-- Generated by org.testng.reporters.JUnitReportReporter -->
<testsuite hostname="ranvitha-PC" failures="0" tests="2" name="com.info.testcases.Putdata" time="0.004" errors="0" timestamp="2021-11-03T16:08:55 IST" skipped="0">
  <testcase classname="com.info.testcases.Putdata" name="checkreposnsebody" time="0.002"/>
  <system-out/>
  <testcase classname="com.info.testcases.Putdata" name="checkstatuscode" time="0.002"/>
  <system-out/>
</testsuite> <!-- com.info.testcases.Putdata -->
